2025-07-19 22:23:49,968 - INFO - 🚀 FLASK PAPER TRADING API INITIALIZED
2025-07-19 22:23:49,996 - INFO - 🚀 Starting Enhanced Flask Paper Trading API Server
2025-07-19 22:23:49,996 - INFO - 📡 Enhanced API Endpoints available:
2025-07-19 22:23:49,997 - INFO -    POST /api/trader/create - Create new enhanced trader
2025-07-19 22:23:49,997 - INFO -    POST /api/trader/<id>/start - Start enhanced trading
2025-07-19 22:23:49,997 - INFO -    POST /api/trader/<id>/stop - Stop enhanced trading
2025-07-19 22:23:49,997 - INFO -    GET  /api/trader/<id>/summary - Get enhanced portfolio summary
2025-07-19 22:23:49,997 - INFO -    GET  /api/trader/<id>/trades - Get all trades
2025-07-19 22:23:49,997 - INFO -    POST /api/trader/<id>/trade/manual - Place manual enhanced trade
2025-07-19 22:23:49,997 - INFO -    GET  /api/trader/<id>/price - Get current price
2025-07-19 22:23:49,997 - INFO -    GET  /api/trader/<id>/signals - Get signal statistics
2025-07-19 22:23:49,997 - INFO -    POST /api/trader/<id>/force-balance - Force signal rebalancing
2025-07-19 22:23:49,997 - INFO -    POST /api/trader/<id>/optimize - Get optimization suggestions
2025-07-19 22:23:49,997 - INFO -    GET  /api/traders - List all enhanced traders
2025-07-19 22:23:49,997 - INFO -    DELETE /api/trader/<id>/delete - Delete enhanced trader
2025-07-19 22:23:49,997 - INFO - ================================================================================
2025-07-19 22:23:49,998 - INFO - 🎯 Key Enhancements:
2025-07-19 22:23:49,998 - INFO -    • True 50/50 signal generation with adaptive balancing
2025-07-19 22:23:49,998 - INFO -    • Enhanced risk-reward adjustment based on drawdown
2025-07-19 22:23:49,998 - INFO -    • Optimized for achieving 100% ROE in minimum trades
2025-07-19 22:23:49,998 - INFO -    • Advanced position sizing and risk management
2025-07-19 22:23:49,998 - INFO -    • Real-time performance tracking and optimization
2025-07-19 22:23:49,998 - INFO - ================================================================================
2025-07-19 22:23:50,091 - WARNING -  * Debugger is active!
2025-07-19 22:23:50,116 - INFO -  * Debugger PIN: 245-117-843
2025-07-19 22:24:00,493 - INFO -  * Detected change in '/Users/nileshhanotia/Projects/anything/Backend/app.py', reloading
