2025-07-19 18:43:38,795 - INFO - 🚀 FLASK PAPER TRADING API INITIALIZED
2025-07-19 18:43:38,815 - INFO - 🚀 Starting Flask Paper Trading API Server
2025-07-19 18:43:38,815 - INFO - 📡 API Endpoints available:
2025-07-19 18:43:38,815 - INFO -    POST /api/trader/create - Create new trader
2025-07-19 18:43:38,816 - INFO -    POST /api/trader/<id>/start - Start trading
2025-07-19 18:43:38,816 - INFO -    POST /api/trader/<id>/stop - Stop trading
2025-07-19 18:43:38,816 - INFO -    GET  /api/trader/<id>/summary - Get portfolio summary
2025-07-19 18:43:38,816 - INFO -    GET  /api/trader/<id>/trades - Get all trades
2025-07-19 18:43:38,816 - INFO -    POST /api/trader/<id>/trade/manual - Place manual trade
2025-07-19 18:43:38,816 - INFO -    GET  /api/trader/<id>/price - Get current price
2025-07-19 18:43:38,816 - INFO -    GET  /api/traders - List all traders
2025-07-19 18:43:38,816 - INFO -    DELETE /api/trader/<id>/delete - Delete trader
2025-07-19 18:43:38,816 - INFO - ============================================================
2025-07-19 18:43:38,923 - INFO - [31m[1mWARNING: This is a development server. Do not use it in a production deployment. Use a production WSGI server instead.[0m
 * Running on all addresses (0.0.0.0)
 * Running on http://127.0.0.1:5000
 * Running on http://10.40.96.225:5000
2025-07-19 18:43:38,924 - INFO - [33mPress CTRL+C to quit[0m
2025-07-19 18:43:38,926 - INFO -  * Restarting with stat
2025-07-19 18:55:10,434 - INFO -  * Restarting with stat
