2025-07-20 07:50:28,160 - INFO - 🚀 FLASK PAPER TRADING API INITIALIZED
2025-07-20 07:50:28,189 - INFO - 🚀 Starting Enhanced Flask Paper Trading API Server
2025-07-20 07:50:28,191 - INFO - 📡 Enhanced API Endpoints available:
2025-07-20 07:50:28,191 - INFO -    POST /api/trader/create - Create new enhanced trader
2025-07-20 07:50:28,193 - INFO -    POST /api/trader/<id>/start - Start enhanced trading
2025-07-20 07:50:28,193 - INFO -    POST /api/trader/<id>/stop - Stop enhanced trading
2025-07-20 07:50:28,193 - INFO -    GET  /api/trader/<id>/summary - Get enhanced portfolio summary
2025-07-20 07:50:28,193 - INFO -    GET  /api/trader/<id>/trades - Get all trades
2025-07-20 07:50:28,193 - INFO -    POST /api/trader/<id>/trade/manual - Place manual enhanced trade
2025-07-20 07:50:28,193 - INFO -    GET  /api/trader/<id>/price - Get current price
2025-07-20 07:50:28,193 - INFO -    GET  /api/trader/<id>/signals - Get signal statistics
2025-07-20 07:50:28,193 - INFO -    POST /api/trader/<id>/force-balance - Force signal rebalancing
2025-07-20 07:50:28,193 - INFO -    POST /api/trader/<id>/optimize - Get optimization suggestions
2025-07-20 07:50:28,193 - INFO -    GET  /api/traders - List all enhanced traders
2025-07-20 07:50:28,193 - INFO -    DELETE /api/trader/<id>/delete - Delete enhanced trader
2025-07-20 07:50:28,194 - INFO - ================================================================================
2025-07-20 07:50:28,194 - INFO - 🎯 Key Enhancements:
2025-07-20 07:50:28,194 - INFO -    • True 50/50 signal generation with adaptive balancing
2025-07-20 07:50:28,194 - INFO -    • Enhanced risk-reward adjustment based on drawdown
2025-07-20 07:50:28,194 - INFO -    • Optimized for achieving 100% ROE in minimum trades
2025-07-20 07:50:28,194 - INFO -    • Advanced position sizing and risk management
2025-07-20 07:50:28,194 - INFO -    • Real-time performance tracking and optimization
2025-07-20 07:50:28,194 - INFO - ================================================================================
2025-07-20 07:50:28,526 - INFO - [31m[1mWARNING: This is a development server. Do not use it in a production deployment. Use a production WSGI server instead.[0m
 * Running on all addresses (0.0.0.0)
 * Running on http://127.0.0.1:5000
 * Running on http://10.39.27.225:5000
2025-07-20 07:50:28,527 - INFO - [33mPress CTRL+C to quit[0m
2025-07-20 07:50:28,530 - INFO -  * Restarting with stat
