2025-07-19 21:20:15,456 - INFO - 🚀 FLASK PAPER TRADING API INITIALIZED
2025-07-19 21:20:15,471 - INFO - 🚀 Starting Enhanced Flask Paper Trading API Server
2025-07-19 21:20:15,473 - INFO - 📡 Enhanced API Endpoints available:
2025-07-19 21:20:15,474 - INFO -    POST /api/trader/create - Create new enhanced trader
2025-07-19 21:20:15,474 - INFO -    POST /api/trader/<id>/start - Start enhanced trading
2025-07-19 21:20:15,475 - INFO -    POST /api/trader/<id>/stop - Stop enhanced trading
2025-07-19 21:20:15,475 - INFO -    GET  /api/trader/<id>/summary - Get enhanced portfolio summary
2025-07-19 21:20:15,475 - INFO -    GET  /api/trader/<id>/trades - Get all trades
2025-07-19 21:20:15,476 - INFO -    POST /api/trader/<id>/trade/manual - Place manual enhanced trade
2025-07-19 21:20:15,476 - INFO -    GET  /api/trader/<id>/price - Get current price
2025-07-19 21:20:15,476 - INFO -    GET  /api/trader/<id>/signals - Get signal statistics
2025-07-19 21:20:15,476 - INFO -    POST /api/trader/<id>/force-balance - Force signal rebalancing
2025-07-19 21:20:15,476 - INFO -    POST /api/trader/<id>/optimize - Get optimization suggestions
2025-07-19 21:20:15,476 - INFO -    GET  /api/traders - List all enhanced traders
2025-07-19 21:20:15,476 - INFO -    DELETE /api/trader/<id>/delete - Delete enhanced trader
2025-07-19 21:20:15,476 - INFO - ================================================================================
2025-07-19 21:20:15,476 - INFO - 🎯 Key Enhancements:
2025-07-19 21:20:15,476 - INFO -    • True 50/50 signal generation with adaptive balancing
2025-07-19 21:20:15,476 - INFO -    • Enhanced risk-reward adjustment based on drawdown
2025-07-19 21:20:15,476 - INFO -    • Optimized for achieving 100% ROE in minimum trades
2025-07-19 21:20:15,476 - INFO -    • Advanced position sizing and risk management
2025-07-19 21:20:15,477 - INFO -    • Real-time performance tracking and optimization
2025-07-19 21:20:15,477 - INFO - ================================================================================
2025-07-19 21:20:15,551 - WARNING -  * Debugger is active!
2025-07-19 21:20:15,580 - INFO -  * Debugger PIN: 245-117-843
2025-07-19 21:20:15,613 - INFO - 127.0.0.1 - - [19/Jul/2025 21:20:15] "OPTIONS /api/traders HTTP/1.1" 200 -
2025-07-19 21:20:15,624 - INFO - 127.0.0.1 - - [19/Jul/2025 21:20:15] "GET /api/traders HTTP/1.1" 200 -
2025-07-19 21:20:16,084 - INFO - 127.0.0.1 - - [19/Jul/2025 21:20:16] "GET /api/traders HTTP/1.1" 200 -
2025-07-19 21:20:19,085 - INFO - 127.0.0.1 - - [19/Jul/2025 21:20:19] "GET /api/traders HTTP/1.1" 200 -
2025-07-19 21:20:21,743 - INFO -  * Detected change in '/Users/nileshhanotia/Projects/anything/Backend/app.py', reloading
